{"message":"   404, Board not found","level":"\u001b[31merror\u001b[39m","service":"user-service"}
{"message":"   404, Board not found","level":"\u001b[31merror\u001b[39m","service":"user-service"}
{"message":"   404, Board not found","level":"\u001b[31merror\u001b[39m","service":"user-service"}
{"message":"   404, Board not found","level":"\u001b[31merror\u001b[39m","service":"user-service"}
{"message":"   404, Board not found","level":"\u001b[31merror\u001b[39m","service":"user-service"}
{"message":"   404, Board not found","level":"\u001b[31merror\u001b[39m","service":"user-service"}
{"message":"   404, Board not found","level":"\u001b[31merror\u001b[39m","service":"user-service"}
{"message":"   404, Board not found","level":"\u001b[31merror\u001b[39m","service":"user-service"}
{"message":"   404, Board not found","level":"\u001b[31merror\u001b[39m","service":"user-service"}
{"message":"   404, Board not found","level":"\u001b[31merror\u001b[39m","service":"user-service"}
{"message":"   500, Cannot read property 'id' of undefined","level":"\u001b[31merror\u001b[39m","service":"user-service"}
{"message":"   500, Cannot read property 'id' of undefined","level":"\u001b[31merror\u001b[39m","service":"user-service"}
{"message":"   404, Board not found","level":"\u001b[31merror\u001b[39m","service":"user-service"}
{"message":"   404, Board not found","level":"\u001b[31merror\u001b[39m","service":"user-service"}
{"message":"   404, Board not found","level":"\u001b[31merror\u001b[39m","service":"user-service"}
{"message":"   404, Board not found","level":"\u001b[31merror\u001b[39m","service":"user-service"}
{"message":"   404, Board not found","level":"\u001b[31merror\u001b[39m","service":"user-service"}
{"message":"   404, Board not found","level":"\u001b[31merror\u001b[39m","service":"user-service"}
{"message":"   500, Cannot read property 'id' of undefined","level":"\u001b[31merror\u001b[39m","service":"user-service"}
{"message":"   500, Cannot set headers after they are sent to the client","level":"\u001b[31merror\u001b[39m","service":"user-service"}
{"message":"   500, Cannot read property 'id' of undefined","level":"\u001b[31merror\u001b[39m","service":"user-service"}
{"message":"   500, Cast to ObjectId failed for value \"aff75802-f35c-417f-8a52-34a04e2e83a4\" at path \"_id\" for model \"Board\"","level":"\u001b[31merror\u001b[39m","service":"user-service"}
{"message":"   500, Cast to ObjectId failed for value \"77715150-ec47-48bb-943a-06170e04b0a9\" at path \"_id\" for model \"Board\"","level":"\u001b[31merror\u001b[39m","service":"user-service"}
{"message":"   500, Cast to ObjectId failed for value \"30094407-b273-428b-8d48-4c6a53447264\" at path \"_id\" for model \"Board\"","level":"\u001b[31merror\u001b[39m","service":"user-service"}
{"message":"   500, Cast to ObjectId failed for value \"aff75802-f35c-417f-8a52-34a04e2e83a4\" at path \"_id\" for model \"Board\"","level":"\u001b[31merror\u001b[39m","service":"user-service"}
{"message":"   500, Cast to ObjectId failed for value \"ead99600-bf09-4d4c-a49d-358511bf4006\" at path \"_id\" for model \"Board\"","level":"\u001b[31merror\u001b[39m","service":"user-service"}
{"message":"   500, Cast to ObjectId failed for value \"9960ec39-9110-4f68-9ffd-49c923eea8ff\" at path \"_id\" for model \"Board\"","level":"\u001b[31merror\u001b[39m","service":"user-service"}
{"message":"   404, Board not found","level":"\u001b[31merror\u001b[39m","service":"user-service"}
{"message":"   404, Board not found","level":"\u001b[31merror\u001b[39m","service":"user-service"}
{"message":"   404, Board not found","level":"\u001b[31merror\u001b[39m","service":"user-service"}
{"message":"   404, Task not found","level":"\u001b[31merror\u001b[39m","service":"user-service"}
{"message":"   404, Task not found","level":"\u001b[31merror\u001b[39m","service":"user-service"}
{"message":"   404, Task not found","level":"\u001b[31merror\u001b[39m","service":"user-service"}
{"message":"   404, Task not found","level":"\u001b[31merror\u001b[39m","service":"user-service"}
{"message":"   404, Task not found","level":"\u001b[31merror\u001b[39m","service":"user-service"}
{"message":"   404, Board not found","level":"\u001b[31merror\u001b[39m","service":"user-service"}
{"message":"   404, Board not found","level":"\u001b[31merror\u001b[39m","service":"user-service"}
{"message":"   404, Task not found","level":"\u001b[31merror\u001b[39m","service":"user-service"}
{"message":"   404, Task not found","level":"\u001b[31merror\u001b[39m","service":"user-service"}
{"message":"   404, Task not found","level":"\u001b[31merror\u001b[39m","service":"user-service"}
{"message":"   404, Task not found","level":"\u001b[31merror\u001b[39m","service":"user-service"}
{"message":"   404, Task not found","level":"\u001b[31merror\u001b[39m","service":"user-service"}
{"message":"   404, Board not found","level":"\u001b[31merror\u001b[39m","service":"user-service"}
{"message":"   404, Board not found","level":"\u001b[31merror\u001b[39m","service":"user-service"}
{"message":"   404, Task not found","level":"\u001b[31merror\u001b[39m","service":"user-service"}
{"message":"   404, Task not found","level":"\u001b[31merror\u001b[39m","service":"user-service"}
{"message":"   404, Task not found","level":"\u001b[31merror\u001b[39m","service":"user-service"}
{"message":"   404, Task not found","level":"\u001b[31merror\u001b[39m","service":"user-service"}
{"message":"   404, Task not found","level":"\u001b[31merror\u001b[39m","service":"user-service"}
{"message":"   404, Board not found","level":"\u001b[31merror\u001b[39m","service":"user-service"}
{"message":"   404, Board not found","level":"\u001b[31merror\u001b[39m","service":"user-service"}
{"message":"   404, Task not found","level":"\u001b[31merror\u001b[39m","service":"user-service"}
{"message":"   404, Task not found","level":"\u001b[31merror\u001b[39m","service":"user-service"}
{"message":"   404, Task not found","level":"\u001b[31merror\u001b[39m","service":"user-service"}
{"message":"   404, Task not found","level":"\u001b[31merror\u001b[39m","service":"user-service"}
{"message":"   404, Task not found","level":"\u001b[31merror\u001b[39m","service":"user-service"}
{"message":"   404, Board not found","level":"\u001b[31merror\u001b[39m","service":"user-service"}
{"message":"   404, Board not found","level":"\u001b[31merror\u001b[39m","service":"user-service"}
{"message":"   404, Task not found","level":"\u001b[31merror\u001b[39m","service":"user-service"}
{"message":"   404, Task not found","level":"\u001b[31merror\u001b[39m","service":"user-service"}
{"message":"   404, Task not found","level":"\u001b[31merror\u001b[39m","service":"user-service"}
{"message":"   404, Task not found","level":"\u001b[31merror\u001b[39m","service":"user-service"}
{"message":"   404, Task not found","level":"\u001b[31merror\u001b[39m","service":"user-service"}
{"message":"   404, Board not found","level":"\u001b[31merror\u001b[39m","service":"user-service"}
{"message":"   404, Board not found","level":"\u001b[31merror\u001b[39m","service":"user-service"}
{"message":"   404, Task not found","level":"\u001b[31merror\u001b[39m","service":"user-service"}
{"message":"   404, Task not found","level":"\u001b[31merror\u001b[39m","service":"user-service"}
{"message":"   404, Task not found","level":"\u001b[31merror\u001b[39m","service":"user-service"}
{"message":"   404, Task not found","level":"\u001b[31merror\u001b[39m","service":"user-service"}
{"message":"   404, Task not found","level":"\u001b[31merror\u001b[39m","service":"user-service"}
{"message":"   500, Cannot read property '_id' of undefined","level":"\u001b[31merror\u001b[39m","service":"user-service"}
{"message":"   404, Board not found","level":"\u001b[31merror\u001b[39m","service":"user-service"}
{"message":"   404, Task not found","level":"\u001b[31merror\u001b[39m","service":"user-service"}
{"message":"   404, Task not found","level":"\u001b[31merror\u001b[39m","service":"user-service"}
{"message":"   404, Task not found","level":"\u001b[31merror\u001b[39m","service":"user-service"}
{"message":"   404, Task not found","level":"\u001b[31merror\u001b[39m","service":"user-service"}
{"message":"   404, Task not found","level":"\u001b[31merror\u001b[39m","service":"user-service"}
{"message":"   404, Board not found","level":"\u001b[31merror\u001b[39m","service":"user-service"}
{"message":"   404, Board not found","level":"\u001b[31merror\u001b[39m","service":"user-service"}
{"message":"   404, Task not found","level":"\u001b[31merror\u001b[39m","service":"user-service"}
{"message":"   404, Task not found","level":"\u001b[31merror\u001b[39m","service":"user-service"}
{"message":"   404, Task not found","level":"\u001b[31merror\u001b[39m","service":"user-service"}
{"message":"   404, Task not found","level":"\u001b[31merror\u001b[39m","service":"user-service"}
{"message":"   404, Task not found","level":"\u001b[31merror\u001b[39m","service":"user-service"}
{"message":"   404, Board not found","level":"\u001b[31merror\u001b[39m","service":"user-service"}
{"message":"   404, Board not found","level":"\u001b[31merror\u001b[39m","service":"user-service"}
{"message":"   404, Task not found","level":"\u001b[31merror\u001b[39m","service":"user-service"}
{"message":"   404, Task not found","level":"\u001b[31merror\u001b[39m","service":"user-service"}
{"message":"   404, Task not found","level":"\u001b[31merror\u001b[39m","service":"user-service"}
{"message":"   404, Task not found","level":"\u001b[31merror\u001b[39m","service":"user-service"}
{"message":"   404, Task not found","level":"\u001b[31merror\u001b[39m","service":"user-service"}
{"message":"   404, Board not found","level":"\u001b[31merror\u001b[39m","service":"user-service"}
{"message":"   404, Board not found","level":"\u001b[31merror\u001b[39m","service":"user-service"}
{"message":"   404, Task not found","level":"\u001b[31merror\u001b[39m","service":"user-service"}
{"message":"   404, Task not found","level":"\u001b[31merror\u001b[39m","service":"user-service"}
{"message":"   404, Task not found","level":"\u001b[31merror\u001b[39m","service":"user-service"}
{"message":"   404, Task not found","level":"\u001b[31merror\u001b[39m","service":"user-service"}
{"message":"   404, Task not found","level":"\u001b[31merror\u001b[39m","service":"user-service"}
{"message":"   404, Board not found","level":"\u001b[31merror\u001b[39m","service":"user-service"}
{"message":"   404, Board not found","level":"\u001b[31merror\u001b[39m","service":"user-service"}
{"message":"   404, Task not found","level":"\u001b[31merror\u001b[39m","service":"user-service"}
{"message":"   404, Task not found","level":"\u001b[31merror\u001b[39m","service":"user-service"}
{"message":"   404, Task not found","level":"\u001b[31merror\u001b[39m","service":"user-service"}
{"message":"   404, Task not found","level":"\u001b[31merror\u001b[39m","service":"user-service"}
{"message":"   404, Task not found","level":"\u001b[31merror\u001b[39m","service":"user-service"}
{"message":"   404, Board not found","level":"\u001b[31merror\u001b[39m","service":"user-service"}
{"message":"   404, Board not found","level":"\u001b[31merror\u001b[39m","service":"user-service"}
{"message":"   404, Task not found","level":"\u001b[31merror\u001b[39m","service":"user-service"}
{"message":"   404, Task not found","level":"\u001b[31merror\u001b[39m","service":"user-service"}
{"message":"   404, Task not found","level":"\u001b[31merror\u001b[39m","service":"user-service"}
{"message":"   404, Task not found","level":"\u001b[31merror\u001b[39m","service":"user-service"}
{"message":"   404, Task not found","level":"\u001b[31merror\u001b[39m","service":"user-service"}
{"message":"   404, Board not found","level":"\u001b[31merror\u001b[39m","service":"user-service"}
{"message":"   404, Task not found","level":"\u001b[31merror\u001b[39m","service":"user-service"}
{"message":"   404, Task not found","level":"\u001b[31merror\u001b[39m","service":"user-service"}
{"message":"   404, Task not found","level":"\u001b[31merror\u001b[39m","service":"user-service"}
{"message":"   404, Task not found","level":"\u001b[31merror\u001b[39m","service":"user-service"}
{"message":"   404, Task not found","level":"\u001b[31merror\u001b[39m","service":"user-service"}
{"message":"   404, Board not found","level":"\u001b[31merror\u001b[39m","service":"user-service"}
{"message":"   404, Task not found","level":"\u001b[31merror\u001b[39m","service":"user-service"}
{"message":"   404, Task not found","level":"\u001b[31merror\u001b[39m","service":"user-service"}
{"message":"   404, Task not found","level":"\u001b[31merror\u001b[39m","service":"user-service"}
{"message":"   404, Task not found","level":"\u001b[31merror\u001b[39m","service":"user-service"}
{"message":"   404, Task not found","level":"\u001b[31merror\u001b[39m","service":"user-service"}
{"message":"   404, Board not found","level":"\u001b[31merror\u001b[39m","service":"user-service"}
{"message":"   404, Task not found","level":"\u001b[31merror\u001b[39m","service":"user-service"}
{"message":"   404, Task not found","level":"\u001b[31merror\u001b[39m","service":"user-service"}
{"message":"   404, Task not found","level":"\u001b[31merror\u001b[39m","service":"user-service"}
{"message":"   404, Task not found","level":"\u001b[31merror\u001b[39m","service":"user-service"}
{"message":"   404, Task not found","level":"\u001b[31merror\u001b[39m","service":"user-service"}
{"message":"   404, Board not found","level":"\u001b[31merror\u001b[39m","service":"user-service"}
{"message":"   404, Task not found","level":"\u001b[31merror\u001b[39m","service":"user-service"}
{"message":"   404, Task not found","level":"\u001b[31merror\u001b[39m","service":"user-service"}
{"message":"   404, Task not found","level":"\u001b[31merror\u001b[39m","service":"user-service"}
{"message":"   404, Task not found","level":"\u001b[31merror\u001b[39m","service":"user-service"}
{"message":"   404, Task not found","level":"\u001b[31merror\u001b[39m","service":"user-service"}
{"message":"   404, Board not found","level":"\u001b[31merror\u001b[39m","service":"user-service"}
{"message":"   404, Task not found","level":"\u001b[31merror\u001b[39m","service":"user-service"}
{"message":"   404, Task not found","level":"\u001b[31merror\u001b[39m","service":"user-service"}
{"message":"   404, Task not found","level":"\u001b[31merror\u001b[39m","service":"user-service"}
{"message":"   404, Task not found","level":"\u001b[31merror\u001b[39m","service":"user-service"}
{"message":"   404, Task not found","level":"\u001b[31merror\u001b[39m","service":"user-service"}
{"message":"   404, Board not found","level":"\u001b[31merror\u001b[39m","service":"user-service"}
{"message":"   404, Task not found","level":"\u001b[31merror\u001b[39m","service":"user-service"}
{"message":"   404, Task not found","level":"\u001b[31merror\u001b[39m","service":"user-service"}
{"message":"   404, Task not found","level":"\u001b[31merror\u001b[39m","service":"user-service"}
{"message":"   404, Task not found","level":"\u001b[31merror\u001b[39m","service":"user-service"}
{"message":"   404, Task not found","level":"\u001b[31merror\u001b[39m","service":"user-service"}
{"message":"   404, Task not found","level":"\u001b[31merror\u001b[39m","service":"user-service"}
{"message":"   404, Board not found","level":"\u001b[31merror\u001b[39m","service":"user-service"}
{"message":"   404, Task not found","level":"\u001b[31merror\u001b[39m","service":"user-service"}
{"message":"   404, Task not found","level":"\u001b[31merror\u001b[39m","service":"user-service"}
{"message":"   404, Task not found","level":"\u001b[31merror\u001b[39m","service":"user-service"}
{"message":"   404, Task not found","level":"\u001b[31merror\u001b[39m","service":"user-service"}
{"message":"   404, Task not found","level":"\u001b[31merror\u001b[39m","service":"user-service"}
{"message":"   404, Task not found","level":"\u001b[31merror\u001b[39m","service":"user-service"}
{"message":"   404, Task not found","level":"\u001b[31merror\u001b[39m","service":"user-service"}
