{"message":"    url: /users, \n    params: {}, \n    body: {}","level":"\u001b[32minfo\u001b[39m","service":"user-service"}
{"message":"    url: /users, \n    params: {}, \n    body: {\"name\":\"TEST_USER\",\"login\":\"test_user\",\"password\":\"T35t_P@55w0rd\"}","level":"\u001b[32minfo\u001b[39m","service":"user-service"}
{"message":"    url: /users/71ca9c7a-3234-4238-8abd-bf0604631c14, \n    params: {}, \n    body: {}","level":"\u001b[32minfo\u001b[39m","service":"user-service"}
{"message":"    url: /users/71ca9c7a-3234-4238-8abd-bf0604631c14, \n    params: {}, \n    body: {}","level":"\u001b[32minfo\u001b[39m","service":"user-service"}
{"message":"    url: /users, \n    params: {}, \n    body: {\"name\":\"TEST_USER\",\"login\":\"test_user\",\"password\":\"T35t_P@55w0rd\"}","level":"\u001b[32minfo\u001b[39m","service":"user-service"}
{"message":"    url: /users/3d4d5a05-d695-48f0-8188-9e30a99afa2f, \n    params: {}, \n    body: {}","level":"\u001b[32minfo\u001b[39m","service":"user-service"}
{"message":"    url: /users, \n    params: {}, \n    body: {\"name\":\"TEST_USER\",\"login\":\"test_user\",\"password\":\"T35t_P@55w0rd\"}","level":"\u001b[32minfo\u001b[39m","service":"user-service"}
{"message":"    url: /users/62968b1e-84ac-409c-8dad-103ab253aeaf, \n    params: {}, \n    body: {\"name\":\"Autotest updated TEST_USER\",\"login\":\"test_user\",\"password\":\"T35t_P@55w0rd\",\"id\":\"62968b1e-84ac-409c-8dad-103ab253aeaf\"}","level":"\u001b[32minfo\u001b[39m","service":"user-service"}
{"message":"    url: /users/62968b1e-84ac-409c-8dad-103ab253aeaf, \n    params: {}, \n    body: {}","level":"\u001b[32minfo\u001b[39m","service":"user-service"}
{"message":"    url: /users/62968b1e-84ac-409c-8dad-103ab253aeaf, \n    params: {}, \n    body: {}","level":"\u001b[32minfo\u001b[39m","service":"user-service"}
{"message":"    url: /users, \n    params: {}, \n    body: {\"name\":\"TEST_USER\",\"login\":\"test_user\",\"password\":\"T35t_P@55w0rd\"}","level":"\u001b[32minfo\u001b[39m","service":"user-service"}
{"message":"    url: /users/3a24f62f-cf23-4203-b430-2a900dc8e8c6, \n    params: {}, \n    body: {}","level":"\u001b[32minfo\u001b[39m","service":"user-service"}
{"message":"    url: /users, \n    params: {}, \n    body: {\"name\":\"TEST_USER\",\"login\":\"test_user\",\"password\":\"T35t_P@55w0rd\"}","level":"\u001b[32minfo\u001b[39m","service":"user-service"}
{"message":"    url: /boards, \n    params: {}, \n    body: {\"title\":\"Autotest board\",\"columns\":[{\"title\":\"Backlog\",\"order\":1},{\"title\":\"Sprint\",\"order\":2}]}","level":"\u001b[32minfo\u001b[39m","service":"user-service"}
{"message":"    url: /boards/603e78b2-58ec-4151-9561-c5d3587749ed/tasks, \n    params: {}, \n    body: {\"title\":\"Task #1\",\"order\":1,\"description\":\"Lorem ipsum\",\"userId\":\"166c76d4-7c61-4837-924a-4f5dd887deac\",\"boardId\":\"603e78b2-58ec-4151-9561-c5d3587749ed\"}","level":"\u001b[32minfo\u001b[39m","service":"user-service"}
{"message":"    url: /boards/603e78b2-58ec-4151-9561-c5d3587749ed/tasks, \n    params: {}, \n    body: {\"title\":\"Task #2\",\"order\":2,\"description\":\"Lorem ipsum\",\"userId\":\"166c76d4-7c61-4837-924a-4f5dd887deac\",\"boardId\":\"603e78b2-58ec-4151-9561-c5d3587749ed\"}","level":"\u001b[32minfo\u001b[39m","service":"user-service"}
{"message":"    url: /users/166c76d4-7c61-4837-924a-4f5dd887deac, \n    params: {}, \n    body: {}","level":"\u001b[32minfo\u001b[39m","service":"user-service"}
{"message":"    url: /boards/603e78b2-58ec-4151-9561-c5d3587749ed/tasks/ba8631d3-1334-4262-b70e-f6255dc690aa, \n    params: {}, \n    body: {}","level":"\u001b[32minfo\u001b[39m","service":"user-service"}
{"message":"    url: /boards/603e78b2-58ec-4151-9561-c5d3587749ed/tasks/cd696a84-99d5-4a6f-b080-0b51f233600e, \n    params: {}, \n    body: {}","level":"\u001b[32minfo\u001b[39m","service":"user-service"}
{"message":"    url: /boards/603e78b2-58ec-4151-9561-c5d3587749ed/tasks/ba8631d3-1334-4262-b70e-f6255dc690aa, \n    params: {}, \n    body: {}","level":"\u001b[32minfo\u001b[39m","service":"user-service"}
{"message":"    url: /boards/603e78b2-58ec-4151-9561-c5d3587749ed/tasks/cd696a84-99d5-4a6f-b080-0b51f233600e, \n    params: {}, \n    body: {}","level":"\u001b[32minfo\u001b[39m","service":"user-service"}
{"message":"    url: /boards/603e78b2-58ec-4151-9561-c5d3587749ed, \n    params: {}, \n    body: {}","level":"\u001b[32minfo\u001b[39m","service":"user-service"}
{"message":"    url: /boards, \n    params: {}, \n    body: {\"title\":\"Autotest board\",\"columns\":[{\"title\":\"Backlog\",\"order\":1},{\"title\":\"Sprint\",\"order\":2}]}","level":"\u001b[32minfo\u001b[39m","service":"user-service"}
{"message":"    url: /boards, \n    params: {}, \n    body: {}","level":"\u001b[32minfo\u001b[39m","service":"user-service"}
{"message":"    url: /boards, \n    params: {}, \n    body: {}","level":"\u001b[32minfo\u001b[39m","service":"user-service"}
{"message":"    url: /boards/f921f8fe-0c69-4a4d-bb31-506d0c32ad60, \n    params: {}, \n    body: {}","level":"\u001b[32minfo\u001b[39m","service":"user-service"}
{"message":"    url: /boards, \n    params: {}, \n    body: {\"title\":\"Autotest board\",\"columns\":[{\"title\":\"Backlog\",\"order\":1},{\"title\":\"Sprint\",\"order\":2}]}","level":"\u001b[32minfo\u001b[39m","service":"user-service"}
{"message":"    url: /boards/ed121c20-5ed4-4b56-9d1e-1d0e87f2215c, \n    params: {}, \n    body: {}","level":"\u001b[32minfo\u001b[39m","service":"user-service"}
{"message":"    url: /boards, \n    params: {}, \n    body: {\"title\":\"Autotest board\",\"columns\":[{\"title\":\"Backlog\",\"order\":1},{\"title\":\"Sprint\",\"order\":2}]}","level":"\u001b[32minfo\u001b[39m","service":"user-service"}
{"message":"    url: /boards/69246f5f-894d-44e2-95c1-841330c9a379, \n    params: {}, \n    body: {\"id\":\"69246f5f-894d-44e2-95c1-841330c9a379\",\"title\":\"Autotest updated board\",\"columns\":[{\"title\":\"Backlog\",\"order\":1},{\"title\":\"Sprint\",\"order\":2}]}","level":"\u001b[32minfo\u001b[39m","service":"user-service"}
{"message":"    url: /boards/69246f5f-894d-44e2-95c1-841330c9a379, \n    params: {}, \n    body: {}","level":"\u001b[32minfo\u001b[39m","service":"user-service"}
{"message":"    url: /boards/69246f5f-894d-44e2-95c1-841330c9a379, \n    params: {}, \n    body: {}","level":"\u001b[32minfo\u001b[39m","service":"user-service"}
{"message":"    url: /boards, \n    params: {}, \n    body: {}","level":"\u001b[32minfo\u001b[39m","service":"user-service"}
{"message":"    url: /boards/f921f8fe-0c69-4a4d-bb31-506d0c32ad60, \n    params: {}, \n    body: {}","level":"\u001b[32minfo\u001b[39m","service":"user-service"}
{"message":"    url: /boards/f921f8fe-0c69-4a4d-bb31-506d0c32ad60, \n    params: {}, \n    body: {}","level":"\u001b[32minfo\u001b[39m","service":"user-service"}
{"message":"   404, Board not found","level":"\u001b[31merror\u001b[39m","service":"user-service"}
{"message":"    url: /boards, \n    params: {}, \n    body: {\"title\":\"Autotest board\",\"columns\":[{\"title\":\"Backlog\",\"order\":1},{\"title\":\"Sprint\",\"order\":2}]}","level":"\u001b[32minfo\u001b[39m","service":"user-service"}
{"message":"    url: /boards/fb68638c-aaae-49eb-a0f0-4b22bc184c46/tasks, \n    params: {}, \n    body: {\"title\":\"Task #1\",\"order\":1,\"description\":\"Lorem ipsum\",\"boardId\":\"fb68638c-aaae-49eb-a0f0-4b22bc184c46\",\"userId\":null,\"columnId\":null}","level":"\u001b[32minfo\u001b[39m","service":"user-service"}
{"message":"    url: /boards/fb68638c-aaae-49eb-a0f0-4b22bc184c46/tasks, \n    params: {}, \n    body: {\"title\":\"Task #3\",\"order\":3,\"description\":\"Lorem ipsum\",\"boardId\":\"fb68638c-aaae-49eb-a0f0-4b22bc184c46\",\"userId\":null,\"columnId\":null}","level":"\u001b[32minfo\u001b[39m","service":"user-service"}
{"message":"    url: /boards/fb68638c-aaae-49eb-a0f0-4b22bc184c46/tasks, \n    params: {}, \n    body: {\"title\":\"Task #4\",\"order\":4,\"description\":\"Lorem ipsum\",\"boardId\":\"fb68638c-aaae-49eb-a0f0-4b22bc184c46\",\"userId\":null,\"columnId\":null}","level":"\u001b[32minfo\u001b[39m","service":"user-service"}
{"message":"    url: /boards/fb68638c-aaae-49eb-a0f0-4b22bc184c46/tasks, \n    params: {}, \n    body: {\"title\":\"Task #5\",\"order\":5,\"description\":\"Lorem ipsum\",\"boardId\":\"fb68638c-aaae-49eb-a0f0-4b22bc184c46\",\"userId\":null,\"columnId\":null}","level":"\u001b[32minfo\u001b[39m","service":"user-service"}
{"message":"    url: /boards/fb68638c-aaae-49eb-a0f0-4b22bc184c46/tasks, \n    params: {}, \n    body: {\"title\":\"Task #2\",\"order\":2,\"description\":\"Lorem ipsum\",\"boardId\":\"fb68638c-aaae-49eb-a0f0-4b22bc184c46\",\"userId\":null,\"columnId\":null}","level":"\u001b[32minfo\u001b[39m","service":"user-service"}
{"message":"    url: /boards/fb68638c-aaae-49eb-a0f0-4b22bc184c46/tasks/617846a1-795e-4b97-a269-f6850fc03bb5, \n    params: {}, \n    body: {}","level":"\u001b[32minfo\u001b[39m","service":"user-service"}
{"message":"    url: /boards/fb68638c-aaae-49eb-a0f0-4b22bc184c46/tasks/f27cb52c-5492-45f2-b70c-22470ad64f2c, \n    params: {}, \n    body: {}","level":"\u001b[32minfo\u001b[39m","service":"user-service"}
{"message":"    url: /boards/fb68638c-aaae-49eb-a0f0-4b22bc184c46/tasks/5a1aec4a-318d-4708-b6eb-92e0e91f52f7, \n    params: {}, \n    body: {}","level":"\u001b[32minfo\u001b[39m","service":"user-service"}
{"message":"    url: /boards/fb68638c-aaae-49eb-a0f0-4b22bc184c46/tasks/e4d9b2ee-bb74-4276-9f63-944710a45ae5, \n    params: {}, \n    body: {}","level":"\u001b[32minfo\u001b[39m","service":"user-service"}
{"message":"    url: /boards/fb68638c-aaae-49eb-a0f0-4b22bc184c46/tasks/88bec365-2d0d-4b1e-8492-9526384aa700, \n    params: {}, \n    body: {}","level":"\u001b[32minfo\u001b[39m","service":"user-service"}
{"message":"    url: /boards/fb68638c-aaae-49eb-a0f0-4b22bc184c46, \n    params: {}, \n    body: {}","level":"\u001b[32minfo\u001b[39m","service":"user-service"}
{"message":"    url: /boards/fb68638c-aaae-49eb-a0f0-4b22bc184c46/tasks/617846a1-795e-4b97-a269-f6850fc03bb5, \n    params: {}, \n    body: {}","level":"\u001b[32minfo\u001b[39m","service":"user-service"}
{"message":"    url: /boards/fb68638c-aaae-49eb-a0f0-4b22bc184c46/tasks/f27cb52c-5492-45f2-b70c-22470ad64f2c, \n    params: {}, \n    body: {}","level":"\u001b[32minfo\u001b[39m","service":"user-service"}
{"message":"    url: /boards/fb68638c-aaae-49eb-a0f0-4b22bc184c46/tasks/5a1aec4a-318d-4708-b6eb-92e0e91f52f7, \n    params: {}, \n    body: {}","level":"\u001b[32minfo\u001b[39m","service":"user-service"}
{"message":"    url: /boards/fb68638c-aaae-49eb-a0f0-4b22bc184c46/tasks/e4d9b2ee-bb74-4276-9f63-944710a45ae5, \n    params: {}, \n    body: {}","level":"\u001b[32minfo\u001b[39m","service":"user-service"}
{"message":"    url: /boards/fb68638c-aaae-49eb-a0f0-4b22bc184c46/tasks/88bec365-2d0d-4b1e-8492-9526384aa700, \n    params: {}, \n    body: {}","level":"\u001b[32minfo\u001b[39m","service":"user-service"}
{"message":"   404, Task not found","level":"\u001b[31merror\u001b[39m","service":"user-service"}
{"message":"   404, Task not found","level":"\u001b[31merror\u001b[39m","service":"user-service"}
{"message":"   404, Task not found","level":"\u001b[31merror\u001b[39m","service":"user-service"}
{"message":"   404, Task not found","level":"\u001b[31merror\u001b[39m","service":"user-service"}
{"message":"   404, Task not found","level":"\u001b[31merror\u001b[39m","service":"user-service"}
{"message":"    url: /boards, \n    params: {}, \n    body: {\"title\":\"Autotest board\",\"columns\":[{\"title\":\"Backlog\",\"order\":1},{\"title\":\"Sprint\",\"order\":2}]}","level":"\u001b[32minfo\u001b[39m","service":"user-service"}
{"message":"    url: /boards/a7cb3498-f812-44a8-9267-50957fba501f/tasks, \n    params: {}, \n    body: {\"title\":\"Autotest task\",\"order\":0,\"description\":\"Lorem ipsum\",\"userId\":null,\"boardId\":null,\"columnId\":null}","level":"\u001b[32minfo\u001b[39m","service":"user-service"}
{"message":"    url: /boards/a7cb3498-f812-44a8-9267-50957fba501f/tasks, \n    params: {}, \n    body: {}","level":"\u001b[32minfo\u001b[39m","service":"user-service"}
{"message":"    url: /boards/a7cb3498-f812-44a8-9267-50957fba501f/tasks, \n    params: {}, \n    body: {}","level":"\u001b[32minfo\u001b[39m","service":"user-service"}
{"message":"    url: /boards/a7cb3498-f812-44a8-9267-50957fba501f/tasks/3d851186-4a28-4408-bd55-d0a95bed1d73, \n    params: {}, \n    body: {}","level":"\u001b[32minfo\u001b[39m","service":"user-service"}
{"message":"    url: /boards/a7cb3498-f812-44a8-9267-50957fba501f/tasks, \n    params: {}, \n    body: {\"title\":\"Autotest task\",\"order\":0,\"description\":\"Lorem ipsum\",\"userId\":null,\"boardId\":null,\"columnId\":null}","level":"\u001b[32minfo\u001b[39m","service":"user-service"}
{"message":"    url: /boards/a7cb3498-f812-44a8-9267-50957fba501f/tasks/a0fe7375-8776-4da6-aa65-ebdcb54b0f4a, \n    params: {}, \n    body: {}","level":"\u001b[32minfo\u001b[39m","service":"user-service"}
{"message":"    url: /boards/a7cb3498-f812-44a8-9267-50957fba501f/tasks, \n    params: {}, \n    body: {\"title\":\"Autotest task\",\"order\":0,\"description\":\"Lorem ipsum\",\"userId\":null,\"boardId\":null,\"columnId\":null}","level":"\u001b[32minfo\u001b[39m","service":"user-service"}
{"message":"    url: /boards/a7cb3498-f812-44a8-9267-50957fba501f/tasks/c1607e42-5a5c-47a3-b830-b30cb2001e26, \n    params: {}, \n    body: {\"id\":\"c1607e42-5a5c-47a3-b830-b30cb2001e26\",\"title\":\"Autotest updated task\",\"order\":0,\"description\":\"Lorem ipsum\",\"userId\":null,\"boardId\":\"a7cb3498-f812-44a8-9267-50957fba501f\",\"columnId\":null}","level":"\u001b[32minfo\u001b[39m","service":"user-service"}
{"message":"    url: /boards/a7cb3498-f812-44a8-9267-50957fba501f/tasks/c1607e42-5a5c-47a3-b830-b30cb2001e26, \n    params: {}, \n    body: {}","level":"\u001b[32minfo\u001b[39m","service":"user-service"}
{"message":"    url: /boards/a7cb3498-f812-44a8-9267-50957fba501f/tasks/3d851186-4a28-4408-bd55-d0a95bed1d73, \n    params: {}, \n    body: {}","level":"\u001b[32minfo\u001b[39m","service":"user-service"}
{"message":"    url: /boards/a7cb3498-f812-44a8-9267-50957fba501f/tasks/3d851186-4a28-4408-bd55-d0a95bed1d73, \n    params: {}, \n    body: {}","level":"\u001b[32minfo\u001b[39m","service":"user-service"}
{"message":"    url: /boards/a7cb3498-f812-44a8-9267-50957fba501f/tasks/3d851186-4a28-4408-bd55-d0a95bed1d73, \n    params: {}, \n    body: {}","level":"\u001b[32minfo\u001b[39m","service":"user-service"}
{"message":"   404, Task not found","level":"\u001b[31merror\u001b[39m","service":"user-service"}
{"message":"    url: /boards/a7cb3498-f812-44a8-9267-50957fba501f, \n    params: {}, \n    body: {}","level":"\u001b[32minfo\u001b[39m","service":"user-service"}
